<?xml version="1.0" encoding="UTF-8"?>
<!-- Generated by org.testng.reporters.JUnitReportReporter -->
<testsuite hostname="BANL11919acdf.local" name="com.unstructured.rest.service.RESTserviceTest" tests="1" failures="0" timestamp="23 Apr 2014 20:19:03 GMT" time="0.308" errors="0">
  <testcase name="getStatus" time="0.308" classname="com.unstructured.rest.service.RESTserviceTest"/>
</testsuite> <!-- com.unstructured.rest.service.RESTserviceTest -->
